<?xml version="1.0" encoding="UTF-8"?>
<testsuite name="ru.netology.Eugeniy.OperationHistoryApiApplicationTest" tests="1" skipped="0" failures="0" errors="0" timestamp="2023-12-26T18:40:41" hostname="DESKTOP-HFDJMJH" time="0.319">
  <properties/>
  <testcase name="contextLoads()" classname="ru.netology.Eugeniy.OperationHistoryApiApplicationTest" time="0.319"/>
  <system-out><![CDATA[23:40:39.699 [Test worker] DEBUG org.springframework.test.context.BootstrapUtils - Instantiating CacheAwareContextLoaderDelegate from class [org.springframework.test.context.cache.DefaultCacheAwareContextLoaderDelegate]
23:40:39.708 [Test worker] DEBUG org.springframework.test.context.BootstrapUtils - Instantiating BootstrapContext using constructor [public org.springframework.test.context.support.DefaultBootstrapContext(java.lang.Class,org.springframework.test.context.CacheAwareContextLoaderDelegate)]
23:40:39.743 [Test worker] DEBUG org.springframework.test.context.BootstrapUtils - Instantiating TestContextBootstrapper for test class [ru.netology.Eugeniy.OperationHistoryApiApplicationTest] from class [org.springframework.boot.test.context.SpringBootTestContextBootstrapper]
23:40:39.754 [Test worker] INFO org.springframework.boot.test.context.SpringBootTestContextBootstrapper - Neither @ContextConfiguration nor @ContextHierarchy found for test class [ru.netology.Eugeniy.OperationHistoryApiApplicationTest], using SpringBootContextLoader
23:40:39.760 [Test worker] DEBUG org.springframework.test.context.support.AbstractContextLoader - Did not detect default resource location for test class [ru.netology.Eugeniy.OperationHistoryApiApplicationTest]: class path resource [ru/netology/Eugeniy/OperationHistoryApiApplicationTest-context.xml] does not exist
23:40:39.761 [Test worker] DEBUG org.springframework.test.context.support.AbstractContextLoader - Did not detect default resource location for test class [ru.netology.Eugeniy.OperationHistoryApiApplicationTest]: class path resource [ru/netology/Eugeniy/OperationHistoryApiApplicationTestContext.groovy] does not exist
23:40:39.761 [Test worker] INFO org.springframework.test.context.support.AbstractContextLoader - Could not detect default resource locations for test class [ru.netology.Eugeniy.OperationHistoryApiApplicationTest]: no resource found for suffixes {-context.xml, Context.groovy}.
23:40:39.763 [Test worker] INFO org.springframework.test.context.support.AnnotationConfigContextLoaderUtils - Could not detect default configuration classes for test class [ru.netology.Eugeniy.OperationHistoryApiApplicationTest]: OperationHistoryApiApplicationTest does not declare any static, non-private, non-final, nested classes annotated with @Configuration.
23:40:39.803 [Test worker] DEBUG org.springframework.test.context.support.ActiveProfilesUtils - Could not find an 'annotation declaring class' for annotation type [org.springframework.test.context.ActiveProfiles] and class [ru.netology.Eugeniy.OperationHistoryApiApplicationTest]
23:40:39.857 [Test worker] DEBUG org.springframework.context.annotation.ClassPathScanningCandidateComponentProvider - Identified candidate component class: file [D:\netology-main1\build\classes\java\main\ru\netology\Eugeniy\OperationHistoryApiApplication.class]
23:40:39.858 [Test worker] INFO org.springframework.boot.test.context.SpringBootTestContextBootstrapper - Found @SpringBootConfiguration ru.netology.Eugeniy.OperationHistoryApiApplication for test class ru.netology.Eugeniy.OperationHistoryApiApplicationTest
23:40:39.953 [Test worker] DEBUG org.springframework.boot.test.context.SpringBootTestContextBootstrapper - @TestExecutionListeners is not present for class [ru.netology.Eugeniy.OperationHistoryApiApplicationTest]: using defaults.
23:40:39.955 [Test worker] INFO org.springframework.boot.test.context.SpringBootTestContextBootstrapper - Loaded default TestExecutionListener class names from location [META-INF/spring.factories]: [org.springframework.boot.test.autoconfigure.restdocs.RestDocsTestExecutionListener, org.springframework.boot.test.autoconfigure.web.client.MockRestServiceServerResetTestExecutionListener, org.springframework.boot.test.autoconfigure.web.servlet.MockMvcPrintOnlyOnFailureTestExecutionListener, org.springframework.boot.test.autoconfigure.web.servlet.WebDriverTestExecutionListener, org.springframework.boot.test.autoconfigure.webservices.client.MockWebServiceServerTestExecutionListener, org.springframework.boot.test.mock.mockito.MockitoTestExecutionListener, org.springframework.boot.test.mock.mockito.ResetMocksTestExecutionListener, org.springframework.test.context.web.ServletTestExecutionListener, org.springframework.test.context.support.DirtiesContextBeforeModesTestExecutionListener, org.springframework.test.context.event.ApplicationEventsTestExecutionListener, org.springframework.test.context.support.DependencyInjectionTestExecutionListener, org.springframework.test.context.support.DirtiesContextTestExecutionListener, org.springframework.test.context.transaction.TransactionalTestExecutionListener, org.springframework.test.context.jdbc.SqlScriptsTestExecutionListener, org.springframework.test.context.event.EventPublishingTestExecutionListener]
23:40:39.963 [Test worker] DEBUG org.springframework.boot.test.context.SpringBootTestContextBootstrapper - Skipping candidate TestExecutionListener [org.springframework.test.context.transaction.TransactionalTestExecutionListener] due to a missing dependency. Specify custom listener classes or make the default listener classes and their required dependencies available. Offending class: [org/springframework/transaction/interceptor/TransactionAttributeSource]
23:40:39.964 [Test worker] DEBUG org.springframework.boot.test.context.SpringBootTestContextBootstrapper - Skipping candidate TestExecutionListener [org.springframework.test.context.jdbc.SqlScriptsTestExecutionListener] due to a missing dependency. Specify custom listener classes or make the default listener classes and their required dependencies available. Offending class: [org/springframework/transaction/interceptor/TransactionAttribute]
23:40:39.964 [Test worker] INFO org.springframework.boot.test.context.SpringBootTestContextBootstrapper - Using TestExecutionListeners: [org.springframework.test.context.web.ServletTestExecutionListener@408b35bf, org.springframework.test.context.support.DirtiesContextBeforeModesTestExecutionListener@29ad44e3, org.springframework.test.context.event.ApplicationEventsTestExecutionListener@15bcf458, org.springframework.boot.test.mock.mockito.MockitoTestExecutionListener@5af9926a, org.springframework.boot.test.autoconfigure.SpringBootDependencyInjectionTestExecutionListener@43c67247, org.springframework.test.context.support.DirtiesContextTestExecutionListener@fac80, org.springframework.test.context.event.EventPublishingTestExecutionListener@726386ed, org.springframework.boot.test.autoconfigure.restdocs.RestDocsTestExecutionListener@649f2009, org.springframework.boot.test.autoconfigure.web.client.MockRestServiceServerResetTestExecutionListener@14bb2297, org.springframework.boot.test.autoconfigure.web.servlet.MockMvcPrintOnlyOnFailureTestExecutionListener@69adf72c, org.springframework.boot.test.autoconfigure.web.servlet.WebDriverTestExecutionListener@797501a, org.springframework.boot.test.autoconfigure.webservices.client.MockWebServiceServerTestExecutionListener@1a15b789, org.springframework.boot.test.mock.mockito.ResetMocksTestExecutionListener@57f791c6]
23:40:39.968 [Test worker] DEBUG org.springframework.test.context.support.AbstractDirtiesContextTestExecutionListener - Before test class: context [DefaultTestContext@2ef8a8c3 testClass = OperationHistoryApiApplicationTest, testInstance = [null], testMethod = [null], testException = [null], mergedContextConfiguration = [WebMergedContextConfiguration@24f43aa3 testClass = OperationHistoryApiApplicationTest, locations = '{}', classes = '{class ru.netology.Eugeniy.OperationHistoryApiApplication}', contextInitializerClasses = '[]', activeProfiles = '{}', propertySourceLocations = '{}', propertySourceProperties = '{org.springframework.boot.test.context.SpringBootTestContextBootstrapper=true}', contextCustomizers = set[org.springframework.boot.test.autoconfigure.actuate.metrics.MetricsExportContextCustomizerFactory$DisableMetricExportContextCustomizer@246f8b8b, org.springframework.boot.test.autoconfigure.properties.PropertyMappingContextCustomizer@0, org.springframework.boot.test.autoconfigure.web.servlet.WebDriverContextCustomizerFactory$Customizer@3eeb318f, org.springframework.boot.test.context.filter.ExcludeFilterContextCustomizer@20f12539, org.springframework.boot.test.json.DuplicateJsonObjectContextCustomizerFactory$DuplicateJsonObjectContextCustomizer@5d2a4eed, org.springframework.boot.test.mock.mockito.MockitoContextCustomizer@0, org.springframework.boot.test.web.client.TestRestTemplateContextCustomizer@665df3c6, org.springframework.boot.test.context.SpringBootTestArgs@1, org.springframework.boot.test.context.SpringBootTestWebEnvironment@3214ee6], resourceBasePath = 'src/main/webapp', contextLoader = 'org.springframework.boot.test.context.SpringBootContextLoader', parent = [null]], attributes = map['org.springframework.test.context.web.ServletTestExecutionListener.activateListener' -> true]], class annotated with @DirtiesContext [false] with mode [null].

  .   ____          _            __ _ _
 /\\ / ___'_ __ _ _(_)_ __  __ _ \ \ \ \
( ( )\___ | '_ | '_| | '_ \/ _` | \ \ \ \
 \\/  ___)| |_)| | | | | || (_| |  ) ) ) )
  '  |____| .__|_| |_|_| |_\__, | / / / /
 =========|_|==============|___/=/_/_/_/
 :: Spring Boot ::                (v2.7.4)

2023-12-26 23:40:40.319  INFO 25664 --- [    Test worker] r.n.E.OperationHistoryApiApplicationTest : Starting OperationHistoryApiApplicationTest using Java 11.0.16.1 on DESKTOP-HFDJMJH with PID 25664 (started by Shur78 in D:\netology-main1)
2023-12-26 23:40:40.320  INFO 25664 --- [    Test worker] r.n.E.OperationHistoryApiApplicationTest : No active profile set, falling back to 1 default profile: "default"
No operations
2023-12-26 23:40:41.611  INFO 25664 --- [    Test worker] r.n.E.OperationHistoryApiApplicationTest : Started OperationHistoryApiApplicationTest in 1.61 seconds (JVM running for 2.886)
]]></system-out>
  <system-err><![CDATA[]]></system-err>
</testsuite>
